<?xml version="1.0" encoding="UTF-8"?>
<testsuites>
  <testsuite name="/app/phpunit.xml.dist" tests="33" assertions="77" errors="0" failures="0" skipped="0" time="3.058680">
    <testsuite name="Unit" tests="3" assertions="5" errors="0" failures="0" skipped="0" time="0.211910">
      <testsuite name="Tests\Unit\GammaMatrix\Playground\Auth\Console\Commands\HashPassword\CommandTest" file="/app/tests/Unit/Console/Commands/HashPassword/CommandTest.php" tests="3" assertions="5" errors="0" failures="0" skipped="0" time="0.211910">
        <testcase name="test_command_auth_hash_password_with_json" file="/app/tests/Unit/Console/Commands/HashPassword/CommandTest.php" line="16" class="Tests\Unit\GammaMatrix\Playground\Auth\Console\Commands\HashPassword\CommandTest" classname="Tests.Unit.GammaMatrix.Playground.Auth.Console.Commands.HashPassword.CommandTest" assertions="2" time="0.194589"/>
        <testcase name="test_command_auth_hash_password" file="/app/tests/Unit/Console/Commands/HashPassword/CommandTest.php" line="24" class="Tests\Unit\GammaMatrix\Playground\Auth\Console\Commands\HashPassword\CommandTest" classname="Tests.Unit.GammaMatrix.Playground.Auth.Console.Commands.HashPassword.CommandTest" assertions="1" time="0.009580"/>
        <testcase name="test_command_auth_hash_password_without_argument_and_fail" file="/app/tests/Unit/Console/Commands/HashPassword/CommandTest.php" line="31" class="Tests\Unit\GammaMatrix\Playground\Auth\Console\Commands\HashPassword\CommandTest" classname="Tests.Unit.GammaMatrix.Playground.Auth.Console.Commands.HashPassword.CommandTest" assertions="2" time="0.007741"/>
      </testsuite>
    </testsuite>
    <testsuite name="Feature" tests="30" assertions="72" errors="0" failures="0" skipped="0" time="2.846770">
      <testsuite name="Tests\Feature\GammaMatrix\Playground\Auth\Http\Controllers\AuthenticationRouteTest" file="/app/tests/Feature/Http/Controllers/AuthenticationRouteTest.php" tests="9" assertions="30" errors="0" failures="0" skipped="0" time="1.993636">
        <testcase name="test_login_screen_can_be_rendered" file="/app/tests/Feature/Http/Controllers/AuthenticationRouteTest.php" line="17" class="Tests\Feature\GammaMatrix\Playground\Auth\Http\Controllers\AuthenticationRouteTest" classname="Tests.Feature.GammaMatrix.Playground.Auth.Http.Controllers.AuthenticationRouteTest" assertions="1" time="0.108309"/>
        <testcase name="test_users_can_authenticate_using_the_login_screen" file="/app/tests/Feature/Http/Controllers/AuthenticationRouteTest.php" line="24" class="Tests\Feature\GammaMatrix\Playground\Auth\Http\Controllers\AuthenticationRouteTest" classname="Tests.Feature.GammaMatrix.Playground.Auth.Http.Controllers.AuthenticationRouteTest" assertions="4" time="0.059361"/>
        <testcase name="test_users_cannot_authenticate_with_invalid_password" file="/app/tests/Feature/Http/Controllers/AuthenticationRouteTest.php" line="39" class="Tests\Feature\GammaMatrix\Playground\Auth\Http\Controllers\AuthenticationRouteTest" classname="Tests.Feature.GammaMatrix.Playground.Auth.Http.Controllers.AuthenticationRouteTest" assertions="2" time="0.232364"/>
        <testcase name="test_users_can_logout_on_get_request" file="/app/tests/Feature/Http/Controllers/AuthenticationRouteTest.php" line="53" class="Tests\Feature\GammaMatrix\Playground\Auth\Http\Controllers\AuthenticationRouteTest" classname="Tests.Feature.GammaMatrix.Playground.Auth.Http.Controllers.AuthenticationRouteTest" assertions="2" time="0.024195"/>
        <testcase name="test_users_can_logout_on_post_request" file="/app/tests/Feature/Http/Controllers/AuthenticationRouteTest.php" line="67" class="Tests\Feature\GammaMatrix\Playground\Auth\Http\Controllers\AuthenticationRouteTest" classname="Tests.Feature.GammaMatrix.Playground.Auth.Http.Controllers.AuthenticationRouteTest" assertions="2" time="0.023944"/>
        <testcase name="test_guests_can_logout_on_get_request" file="/app/tests/Feature/Http/Controllers/AuthenticationRouteTest.php" line="78" class="Tests\Feature\GammaMatrix\Playground\Auth\Http\Controllers\AuthenticationRouteTest" classname="Tests.Feature.GammaMatrix.Playground.Auth.Http.Controllers.AuthenticationRouteTest" assertions="2" time="0.020509"/>
        <testcase name="test_csfr_token_request" file="/app/tests/Feature/Http/Controllers/AuthenticationRouteTest.php" line="96" class="Tests\Feature\GammaMatrix\Playground\Auth\Http\Controllers\AuthenticationRouteTest" classname="Tests.Feature.GammaMatrix.Playground.Auth.Http.Controllers.AuthenticationRouteTest" assertions="3" time="0.021483"/>
        <testcase name="test_login_repeat_under_rate_limit_and_clear" file="/app/tests/Feature/Http/Controllers/AuthenticationRouteTest.php" line="109" class="Tests\Feature\GammaMatrix\Playground\Auth\Http\Controllers\AuthenticationRouteTest" classname="Tests.Feature.GammaMatrix.Playground.Auth.Http.Controllers.AuthenticationRouteTest" assertions="6" time="0.441290"/>
        <testcase name="test_login_repeat_and_hit_rate_limit" file="/app/tests/Feature/Http/Controllers/AuthenticationRouteTest.php" line="134" class="Tests\Feature\GammaMatrix\Playground\Auth\Http\Controllers\AuthenticationRouteTest" classname="Tests.Feature.GammaMatrix.Playground.Auth.Http.Controllers.AuthenticationRouteTest" assertions="8" time="1.062183"/>
      </testsuite>
      <testsuite name="Tests\Feature\GammaMatrix\Playground\Auth\Http\Controllers\EmailVerificationRouteTest" file="/app/tests/Feature/Http/Controllers/EmailVerificationRouteTest.php" tests="10" assertions="25" errors="0" failures="0" skipped="0" time="0.280019">
        <testcase name="test_email_verification_screen_can_be_rendered" file="/app/tests/Feature/Http/Controllers/EmailVerificationRouteTest.php" line="23" class="Tests\Feature\GammaMatrix\Playground\Auth\Http\Controllers\EmailVerificationRouteTest" classname="Tests.Feature.GammaMatrix.Playground.Auth.Http.Controllers.EmailVerificationRouteTest" assertions="1" time="0.040781"/>
        <testcase name="test_email_verification_screen_is_not_rendered_if_already_verified" file="/app/tests/Feature/Http/Controllers/EmailVerificationRouteTest.php" line="34" class="Tests\Feature\GammaMatrix\Playground\Auth\Http\Controllers\EmailVerificationRouteTest" classname="Tests.Feature.GammaMatrix.Playground.Auth.Http.Controllers.EmailVerificationRouteTest" assertions="1" time="0.023083"/>
        <testcase name="test_json_send_email_verification_notification_as_guest" file="/app/tests/Feature/Http/Controllers/EmailVerificationRouteTest.php" line="45" class="Tests\Feature\GammaMatrix\Playground\Auth\Http\Controllers\EmailVerificationRouteTest" classname="Tests.Feature.GammaMatrix.Playground.Auth.Http.Controllers.EmailVerificationRouteTest" assertions="4" time="0.026330"/>
        <testcase name="test_send_email_verification_notification_as_guest_and_redirect" file="/app/tests/Feature/Http/Controllers/EmailVerificationRouteTest.php" line="65" class="Tests\Feature\GammaMatrix\Playground\Auth\Http\Controllers\EmailVerificationRouteTest" classname="Tests.Feature.GammaMatrix.Playground.Auth.Http.Controllers.EmailVerificationRouteTest" assertions="4" time="0.022133"/>
        <testcase name="test_send_email_verification_notification_as_user" file="/app/tests/Feature/Http/Controllers/EmailVerificationRouteTest.php" line="78" class="Tests\Feature\GammaMatrix\Playground\Auth\Http\Controllers\EmailVerificationRouteTest" classname="Tests.Feature.GammaMatrix.Playground.Auth.Http.Controllers.EmailVerificationRouteTest" assertions="3" time="0.030507"/>
        <testcase name="test_send_email_verification_notification_when_already_verified" file="/app/tests/Feature/Http/Controllers/EmailVerificationRouteTest.php" line="105" class="Tests\Feature\GammaMatrix\Playground\Auth\Http\Controllers\EmailVerificationRouteTest" classname="Tests.Feature.GammaMatrix.Playground.Auth.Http.Controllers.EmailVerificationRouteTest" assertions="2" time="0.023741"/>
        <testcase name="test_email_can_be_verified" file="/app/tests/Feature/Http/Controllers/EmailVerificationRouteTest.php" line="121" class="Tests\Feature\GammaMatrix\Playground\Auth\Http\Controllers\EmailVerificationRouteTest" classname="Tests.Feature.GammaMatrix.Playground.Auth.Http.Controllers.EmailVerificationRouteTest" assertions="4" time="0.032548"/>
        <testcase name="test_email_is_not_verified_with_invalid_hash" file="/app/tests/Feature/Http/Controllers/EmailVerificationRouteTest.php" line="145" class="Tests\Feature\GammaMatrix\Playground\Auth\Http\Controllers\EmailVerificationRouteTest" classname="Tests.Feature.GammaMatrix.Playground.Auth.Http.Controllers.EmailVerificationRouteTest" assertions="1" time="0.028623"/>
        <testcase name="test_email_is_not_verified_with_invalid_user_id" file="/app/tests/Feature/Http/Controllers/EmailVerificationRouteTest.php" line="165" class="Tests\Feature\GammaMatrix\Playground\Auth\Http\Controllers\EmailVerificationRouteTest" classname="Tests.Feature.GammaMatrix.Playground.Auth.Http.Controllers.EmailVerificationRouteTest" assertions="1" time="0.026157"/>
        <testcase name="test_email_verified_with_already_verified" file="/app/tests/Feature/Http/Controllers/EmailVerificationRouteTest.php" line="185" class="Tests\Feature\GammaMatrix\Playground\Auth\Http\Controllers\EmailVerificationRouteTest" classname="Tests.Feature.GammaMatrix.Playground.Auth.Http.Controllers.EmailVerificationRouteTest" assertions="4" time="0.026115"/>
      </testsuite>
      <testsuite name="Tests\Feature\GammaMatrix\Playground\Auth\Http\Controllers\PasswordConfirmationRouteTest" file="/app/tests/Feature/Http/Controllers/PasswordConfirmationRouteTest.php" tests="3" assertions="4" errors="0" failures="0" skipped="0" time="0.290971">
        <testcase name="test_confirm_password_screen_can_be_rendered" file="/app/tests/Feature/Http/Controllers/PasswordConfirmationRouteTest.php" line="17" class="Tests\Feature\GammaMatrix\Playground\Auth\Http\Controllers\PasswordConfirmationRouteTest" classname="Tests.Feature.GammaMatrix.Playground.Auth.Http.Controllers.PasswordConfirmationRouteTest" assertions="1" time="0.040293"/>
        <testcase name="test_password_can_be_confirmed" file="/app/tests/Feature/Http/Controllers/PasswordConfirmationRouteTest.php" line="26" class="Tests\Feature\GammaMatrix\Playground\Auth\Http\Controllers\PasswordConfirmationRouteTest" classname="Tests.Feature.GammaMatrix.Playground.Auth.Http.Controllers.PasswordConfirmationRouteTest" assertions="2" time="0.024999"/>
        <testcase name="test_password_is_not_confirmed_with_invalid_password" file="/app/tests/Feature/Http/Controllers/PasswordConfirmationRouteTest.php" line="38" class="Tests\Feature\GammaMatrix\Playground\Auth\Http\Controllers\PasswordConfirmationRouteTest" classname="Tests.Feature.GammaMatrix.Playground.Auth.Http.Controllers.PasswordConfirmationRouteTest" assertions="1" time="0.225679"/>
      </testsuite>
      <testsuite name="Tests\Feature\GammaMatrix\Playground\Auth\Http\Controllers\PasswordResetRouteTest" file="/app/tests/Feature/Http/Controllers/PasswordResetRouteTest.php" tests="6" assertions="9" errors="0" failures="0" skipped="0" time="0.218302">
        <testcase name="test_reset_password_link_screen_can_be_rendered" file="/app/tests/Feature/Http/Controllers/PasswordResetRouteTest.php" line="19" class="Tests\Feature\GammaMatrix\Playground\Auth\Http\Controllers\PasswordResetRouteTest" classname="Tests.Feature.GammaMatrix.Playground.Auth.Http.Controllers.PasswordResetRouteTest" assertions="1" time="0.036425"/>
        <testcase name="test_reset_password_link_can_be_requested" file="/app/tests/Feature/Http/Controllers/PasswordResetRouteTest.php" line="26" class="Tests\Feature\GammaMatrix\Playground\Auth\Http\Controllers\PasswordResetRouteTest" classname="Tests.Feature.GammaMatrix.Playground.Auth.Http.Controllers.PasswordResetRouteTest" assertions="1" time="0.030707"/>
        <testcase name="test_reset_password_screen_can_be_rendered" file="/app/tests/Feature/Http/Controllers/PasswordResetRouteTest.php" line="37" class="Tests\Feature\GammaMatrix\Playground\Auth\Http\Controllers\PasswordResetRouteTest" classname="Tests.Feature.GammaMatrix.Playground.Auth.Http.Controllers.PasswordResetRouteTest" assertions="2" time="0.053388"/>
        <testcase name="test_password_can_be_reset_with_valid_token" file="/app/tests/Feature/Http/Controllers/PasswordResetRouteTest.php" line="54" class="Tests\Feature\GammaMatrix\Playground\Auth\Http\Controllers\PasswordResetRouteTest" classname="Tests.Feature.GammaMatrix.Playground.Auth.Http.Controllers.PasswordResetRouteTest" assertions="2" time="0.039301"/>
        <testcase name="test_password_reset_with_invalid_token" file="/app/tests/Feature/Http/Controllers/PasswordResetRouteTest.php" line="76" class="Tests\Feature\GammaMatrix\Playground\Auth\Http\Controllers\PasswordResetRouteTest" classname="Tests.Feature.GammaMatrix.Playground.Auth.Http.Controllers.PasswordResetRouteTest" assertions="2" time="0.033838"/>
        <testcase name="test_password_reset_with_invalid_user" file="/app/tests/Feature/Http/Controllers/PasswordResetRouteTest.php" line="98" class="Tests\Feature\GammaMatrix\Playground\Auth\Http\Controllers\PasswordResetRouteTest" classname="Tests.Feature.GammaMatrix.Playground.Auth.Http.Controllers.PasswordResetRouteTest" assertions="1" time="0.024645"/>
      </testsuite>
      <testsuite name="Tests\Feature\GammaMatrix\Playground\Auth\Http\Controllers\RegistrationRouteTest" file="/app/tests/Feature/Http/Controllers/RegistrationRouteTest.php" tests="2" assertions="4" errors="0" failures="0" skipped="0" time="0.063842">
        <testcase name="test_registration_screen_can_be_rendered" file="/app/tests/Feature/Http/Controllers/RegistrationRouteTest.php" line="17" class="Tests\Feature\GammaMatrix\Playground\Auth\Http\Controllers\RegistrationRouteTest" classname="Tests.Feature.GammaMatrix.Playground.Auth.Http.Controllers.RegistrationRouteTest" assertions="1" time="0.037556"/>
        <testcase name="test_new_users_can_register" file="/app/tests/Feature/Http/Controllers/RegistrationRouteTest.php" line="24" class="Tests\Feature\GammaMatrix\Playground\Auth\Http\Controllers\RegistrationRouteTest" classname="Tests.Feature.GammaMatrix.Playground.Auth.Http.Controllers.RegistrationRouteTest" assertions="3" time="0.026286"/>
      </testsuite>
    </testsuite>
  </testsuite>
</testsuites>
