<?xml version="1.0" encoding="UTF-8"?>
<testsuites>
  <testsuite name="/app/phpunit.xml.dist" tests="33" assertions="77" errors="0" failures="0" skipped="0" time="3.059178">
    <testsuite name="Unit" tests="3" assertions="5" errors="0" failures="0" skipped="0" time="0.211231">
      <testsuite name="Tests\Unit\GammaMatrix\Playground\Auth\Console\Commands\HashPassword\CommandTest" file="/app/tests/Unit/Console/Commands/HashPassword/CommandTest.php" tests="3" assertions="5" errors="0" failures="0" skipped="0" time="0.211231">
        <testcase name="test_command_auth_hash_password_with_json" file="/app/tests/Unit/Console/Commands/HashPassword/CommandTest.php" line="16" class="Tests\Unit\GammaMatrix\Playground\Auth\Console\Commands\HashPassword\CommandTest" classname="Tests.Unit.GammaMatrix.Playground.Auth.Console.Commands.HashPassword.CommandTest" assertions="2" time="0.194073"/>
        <testcase name="test_command_auth_hash_password" file="/app/tests/Unit/Console/Commands/HashPassword/CommandTest.php" line="24" class="Tests\Unit\GammaMatrix\Playground\Auth\Console\Commands\HashPassword\CommandTest" classname="Tests.Unit.GammaMatrix.Playground.Auth.Console.Commands.HashPassword.CommandTest" assertions="1" time="0.009451"/>
        <testcase name="test_command_auth_hash_password_without_argument_and_fail" file="/app/tests/Unit/Console/Commands/HashPassword/CommandTest.php" line="31" class="Tests\Unit\GammaMatrix\Playground\Auth\Console\Commands\HashPassword\CommandTest" classname="Tests.Unit.GammaMatrix.Playground.Auth.Console.Commands.HashPassword.CommandTest" assertions="2" time="0.007707"/>
      </testsuite>
    </testsuite>
    <testsuite name="Feature" tests="30" assertions="72" errors="0" failures="0" skipped="0" time="2.847947">
      <testsuite name="Tests\Feature\GammaMatrix\Playground\Auth\Http\Controllers\AuthenticationRouteTest" file="/app/tests/Feature/Http/Controllers/AuthenticationRouteTest.php" tests="9" assertions="30" errors="0" failures="0" skipped="0" time="1.992902">
        <testcase name="test_login_screen_can_be_rendered" file="/app/tests/Feature/Http/Controllers/AuthenticationRouteTest.php" line="17" class="Tests\Feature\GammaMatrix\Playground\Auth\Http\Controllers\AuthenticationRouteTest" classname="Tests.Feature.GammaMatrix.Playground.Auth.Http.Controllers.AuthenticationRouteTest" assertions="1" time="0.109123"/>
        <testcase name="test_users_can_authenticate_using_the_login_screen" file="/app/tests/Feature/Http/Controllers/AuthenticationRouteTest.php" line="24" class="Tests\Feature\GammaMatrix\Playground\Auth\Http\Controllers\AuthenticationRouteTest" classname="Tests.Feature.GammaMatrix.Playground.Auth.Http.Controllers.AuthenticationRouteTest" assertions="4" time="0.059480"/>
        <testcase name="test_users_cannot_authenticate_with_invalid_password" file="/app/tests/Feature/Http/Controllers/AuthenticationRouteTest.php" line="39" class="Tests\Feature\GammaMatrix\Playground\Auth\Http\Controllers\AuthenticationRouteTest" classname="Tests.Feature.GammaMatrix.Playground.Auth.Http.Controllers.AuthenticationRouteTest" assertions="2" time="0.232076"/>
        <testcase name="test_users_can_logout_on_get_request" file="/app/tests/Feature/Http/Controllers/AuthenticationRouteTest.php" line="53" class="Tests\Feature\GammaMatrix\Playground\Auth\Http\Controllers\AuthenticationRouteTest" classname="Tests.Feature.GammaMatrix.Playground.Auth.Http.Controllers.AuthenticationRouteTest" assertions="2" time="0.023951"/>
        <testcase name="test_users_can_logout_on_post_request" file="/app/tests/Feature/Http/Controllers/AuthenticationRouteTest.php" line="67" class="Tests\Feature\GammaMatrix\Playground\Auth\Http\Controllers\AuthenticationRouteTest" classname="Tests.Feature.GammaMatrix.Playground.Auth.Http.Controllers.AuthenticationRouteTest" assertions="2" time="0.023715"/>
        <testcase name="test_guests_can_logout_on_get_request" file="/app/tests/Feature/Http/Controllers/AuthenticationRouteTest.php" line="78" class="Tests\Feature\GammaMatrix\Playground\Auth\Http\Controllers\AuthenticationRouteTest" classname="Tests.Feature.GammaMatrix.Playground.Auth.Http.Controllers.AuthenticationRouteTest" assertions="2" time="0.020342"/>
        <testcase name="test_csfr_token_request" file="/app/tests/Feature/Http/Controllers/AuthenticationRouteTest.php" line="96" class="Tests\Feature\GammaMatrix\Playground\Auth\Http\Controllers\AuthenticationRouteTest" classname="Tests.Feature.GammaMatrix.Playground.Auth.Http.Controllers.AuthenticationRouteTest" assertions="3" time="0.021407"/>
        <testcase name="test_login_repeat_under_rate_limit_and_clear" file="/app/tests/Feature/Http/Controllers/AuthenticationRouteTest.php" line="109" class="Tests\Feature\GammaMatrix\Playground\Auth\Http\Controllers\AuthenticationRouteTest" classname="Tests.Feature.GammaMatrix.Playground.Auth.Http.Controllers.AuthenticationRouteTest" assertions="6" time="0.442480"/>
        <testcase name="test_login_repeat_and_hit_rate_limit" file="/app/tests/Feature/Http/Controllers/AuthenticationRouteTest.php" line="134" class="Tests\Feature\GammaMatrix\Playground\Auth\Http\Controllers\AuthenticationRouteTest" classname="Tests.Feature.GammaMatrix.Playground.Auth.Http.Controllers.AuthenticationRouteTest" assertions="8" time="1.060328"/>
      </testsuite>
      <testsuite name="Tests\Feature\GammaMatrix\Playground\Auth\Http\Controllers\EmailVerificationRouteTest" file="/app/tests/Feature/Http/Controllers/EmailVerificationRouteTest.php" tests="10" assertions="25" errors="0" failures="0" skipped="0" time="0.281457">
        <testcase name="test_email_verification_screen_can_be_rendered" file="/app/tests/Feature/Http/Controllers/EmailVerificationRouteTest.php" line="23" class="Tests\Feature\GammaMatrix\Playground\Auth\Http\Controllers\EmailVerificationRouteTest" classname="Tests.Feature.GammaMatrix.Playground.Auth.Http.Controllers.EmailVerificationRouteTest" assertions="1" time="0.041209"/>
        <testcase name="test_email_verification_screen_is_not_rendered_if_already_verified" file="/app/tests/Feature/Http/Controllers/EmailVerificationRouteTest.php" line="34" class="Tests\Feature\GammaMatrix\Playground\Auth\Http\Controllers\EmailVerificationRouteTest" classname="Tests.Feature.GammaMatrix.Playground.Auth.Http.Controllers.EmailVerificationRouteTest" assertions="1" time="0.023157"/>
        <testcase name="test_json_send_email_verification_notification_as_guest" file="/app/tests/Feature/Http/Controllers/EmailVerificationRouteTest.php" line="45" class="Tests\Feature\GammaMatrix\Playground\Auth\Http\Controllers\EmailVerificationRouteTest" classname="Tests.Feature.GammaMatrix.Playground.Auth.Http.Controllers.EmailVerificationRouteTest" assertions="4" time="0.026614"/>
        <testcase name="test_send_email_verification_notification_as_guest_and_redirect" file="/app/tests/Feature/Http/Controllers/EmailVerificationRouteTest.php" line="65" class="Tests\Feature\GammaMatrix\Playground\Auth\Http\Controllers\EmailVerificationRouteTest" classname="Tests.Feature.GammaMatrix.Playground.Auth.Http.Controllers.EmailVerificationRouteTest" assertions="4" time="0.021546"/>
        <testcase name="test_send_email_verification_notification_as_user" file="/app/tests/Feature/Http/Controllers/EmailVerificationRouteTest.php" line="78" class="Tests\Feature\GammaMatrix\Playground\Auth\Http\Controllers\EmailVerificationRouteTest" classname="Tests.Feature.GammaMatrix.Playground.Auth.Http.Controllers.EmailVerificationRouteTest" assertions="3" time="0.030983"/>
        <testcase name="test_send_email_verification_notification_when_already_verified" file="/app/tests/Feature/Http/Controllers/EmailVerificationRouteTest.php" line="105" class="Tests\Feature\GammaMatrix\Playground\Auth\Http\Controllers\EmailVerificationRouteTest" classname="Tests.Feature.GammaMatrix.Playground.Auth.Http.Controllers.EmailVerificationRouteTest" assertions="2" time="0.024070"/>
        <testcase name="test_email_can_be_verified" file="/app/tests/Feature/Http/Controllers/EmailVerificationRouteTest.php" line="121" class="Tests\Feature\GammaMatrix\Playground\Auth\Http\Controllers\EmailVerificationRouteTest" classname="Tests.Feature.GammaMatrix.Playground.Auth.Http.Controllers.EmailVerificationRouteTest" assertions="4" time="0.032854"/>
        <testcase name="test_email_is_not_verified_with_invalid_hash" file="/app/tests/Feature/Http/Controllers/EmailVerificationRouteTest.php" line="145" class="Tests\Feature\GammaMatrix\Playground\Auth\Http\Controllers\EmailVerificationRouteTest" classname="Tests.Feature.GammaMatrix.Playground.Auth.Http.Controllers.EmailVerificationRouteTest" assertions="1" time="0.028434"/>
        <testcase name="test_email_is_not_verified_with_invalid_user_id" file="/app/tests/Feature/Http/Controllers/EmailVerificationRouteTest.php" line="165" class="Tests\Feature\GammaMatrix\Playground\Auth\Http\Controllers\EmailVerificationRouteTest" classname="Tests.Feature.GammaMatrix.Playground.Auth.Http.Controllers.EmailVerificationRouteTest" assertions="1" time="0.026105"/>
        <testcase name="test_email_verified_with_already_verified" file="/app/tests/Feature/Http/Controllers/EmailVerificationRouteTest.php" line="185" class="Tests\Feature\GammaMatrix\Playground\Auth\Http\Controllers\EmailVerificationRouteTest" classname="Tests.Feature.GammaMatrix.Playground.Auth.Http.Controllers.EmailVerificationRouteTest" assertions="4" time="0.026485"/>
      </testsuite>
      <testsuite name="Tests\Feature\GammaMatrix\Playground\Auth\Http\Controllers\PasswordConfirmationRouteTest" file="/app/tests/Feature/Http/Controllers/PasswordConfirmationRouteTest.php" tests="3" assertions="4" errors="0" failures="0" skipped="0" time="0.291946">
        <testcase name="test_confirm_password_screen_can_be_rendered" file="/app/tests/Feature/Http/Controllers/PasswordConfirmationRouteTest.php" line="17" class="Tests\Feature\GammaMatrix\Playground\Auth\Http\Controllers\PasswordConfirmationRouteTest" classname="Tests.Feature.GammaMatrix.Playground.Auth.Http.Controllers.PasswordConfirmationRouteTest" assertions="1" time="0.040058"/>
        <testcase name="test_password_can_be_confirmed" file="/app/tests/Feature/Http/Controllers/PasswordConfirmationRouteTest.php" line="26" class="Tests\Feature\GammaMatrix\Playground\Auth\Http\Controllers\PasswordConfirmationRouteTest" classname="Tests.Feature.GammaMatrix.Playground.Auth.Http.Controllers.PasswordConfirmationRouteTest" assertions="2" time="0.025994"/>
        <testcase name="test_password_is_not_confirmed_with_invalid_password" file="/app/tests/Feature/Http/Controllers/PasswordConfirmationRouteTest.php" line="38" class="Tests\Feature\GammaMatrix\Playground\Auth\Http\Controllers\PasswordConfirmationRouteTest" classname="Tests.Feature.GammaMatrix.Playground.Auth.Http.Controllers.PasswordConfirmationRouteTest" assertions="1" time="0.225894"/>
      </testsuite>
      <testsuite name="Tests\Feature\GammaMatrix\Playground\Auth\Http\Controllers\PasswordResetRouteTest" file="/app/tests/Feature/Http/Controllers/PasswordResetRouteTest.php" tests="6" assertions="9" errors="0" failures="0" skipped="0" time="0.217295">
        <testcase name="test_reset_password_link_screen_can_be_rendered" file="/app/tests/Feature/Http/Controllers/PasswordResetRouteTest.php" line="19" class="Tests\Feature\GammaMatrix\Playground\Auth\Http\Controllers\PasswordResetRouteTest" classname="Tests.Feature.GammaMatrix.Playground.Auth.Http.Controllers.PasswordResetRouteTest" assertions="1" time="0.036565"/>
        <testcase name="test_reset_password_link_can_be_requested" file="/app/tests/Feature/Http/Controllers/PasswordResetRouteTest.php" line="26" class="Tests\Feature\GammaMatrix\Playground\Auth\Http\Controllers\PasswordResetRouteTest" classname="Tests.Feature.GammaMatrix.Playground.Auth.Http.Controllers.PasswordResetRouteTest" assertions="1" time="0.030504"/>
        <testcase name="test_reset_password_screen_can_be_rendered" file="/app/tests/Feature/Http/Controllers/PasswordResetRouteTest.php" line="37" class="Tests\Feature\GammaMatrix\Playground\Auth\Http\Controllers\PasswordResetRouteTest" classname="Tests.Feature.GammaMatrix.Playground.Auth.Http.Controllers.PasswordResetRouteTest" assertions="2" time="0.052253"/>
        <testcase name="test_password_can_be_reset_with_valid_token" file="/app/tests/Feature/Http/Controllers/PasswordResetRouteTest.php" line="54" class="Tests\Feature\GammaMatrix\Playground\Auth\Http\Controllers\PasswordResetRouteTest" classname="Tests.Feature.GammaMatrix.Playground.Auth.Http.Controllers.PasswordResetRouteTest" assertions="2" time="0.039215"/>
        <testcase name="test_password_reset_with_invalid_token" file="/app/tests/Feature/Http/Controllers/PasswordResetRouteTest.php" line="76" class="Tests\Feature\GammaMatrix\Playground\Auth\Http\Controllers\PasswordResetRouteTest" classname="Tests.Feature.GammaMatrix.Playground.Auth.Http.Controllers.PasswordResetRouteTest" assertions="2" time="0.033426"/>
        <testcase name="test_password_reset_with_invalid_user" file="/app/tests/Feature/Http/Controllers/PasswordResetRouteTest.php" line="98" class="Tests\Feature\GammaMatrix\Playground\Auth\Http\Controllers\PasswordResetRouteTest" classname="Tests.Feature.GammaMatrix.Playground.Auth.Http.Controllers.PasswordResetRouteTest" assertions="1" time="0.025332"/>
      </testsuite>
      <testsuite name="Tests\Feature\GammaMatrix\Playground\Auth\Http\Controllers\RegistrationRouteTest" file="/app/tests/Feature/Http/Controllers/RegistrationRouteTest.php" tests="2" assertions="4" errors="0" failures="0" skipped="0" time="0.064347">
        <testcase name="test_registration_screen_can_be_rendered" file="/app/tests/Feature/Http/Controllers/RegistrationRouteTest.php" line="17" class="Tests\Feature\GammaMatrix\Playground\Auth\Http\Controllers\RegistrationRouteTest" classname="Tests.Feature.GammaMatrix.Playground.Auth.Http.Controllers.RegistrationRouteTest" assertions="1" time="0.037903"/>
        <testcase name="test_new_users_can_register" file="/app/tests/Feature/Http/Controllers/RegistrationRouteTest.php" line="24" class="Tests\Feature\GammaMatrix\Playground\Auth\Http\Controllers\RegistrationRouteTest" classname="Tests.Feature.GammaMatrix.Playground.Auth.Http.Controllers.RegistrationRouteTest" assertions="3" time="0.026444"/>
      </testsuite>
    </testsuite>
  </testsuite>
</testsuites>
